<?xml version="1.0" encoding="UTF-8"?>
<testng-results skipped="0" failed="0" total="2" passed="2">
  <reporter-output>
  </reporter-output>
  <suite name="Default suite" duration-ms="33903" started-at="2017-10-11T14:18:29Z" finished-at="2017-10-11T14:19:03Z">
    <groups>
    </groups>
    <test name="Default test" duration-ms="33903" started-at="2017-10-11T14:18:29Z" finished-at="2017-10-11T14:19:03Z">
      <class name="com.pack.home.TestExecution.TestRun">
        <test-method status="PASS" signature="executing()[pri:0, instance:com.pack.home.TestExecution.TestRun@3bfdc050]" name="executing" is-config="true" duration-ms="13593" started-at="2017-10-11T19:48:29Z" finished-at="2017-10-11T19:48:43Z">
          <reporter-output>
          </reporter-output>
        </test-method> <!-- executing -->
        <test-method status="PASS" signature="passwdlink()[pri:0, instance:com.pack.home.TestExecution.TestRun@3bfdc050]" name="passwdlink" duration-ms="8712" started-at="2017-10-11T19:48:43Z" description="Navigate to forgot Password page" finished-at="2017-10-11T19:48:52Z">
          <reporter-output>
          </reporter-output>
        </test-method> <!-- passwdlink -->
        <test-method status="PASS" signature="emaillink()[pri:0, instance:com.pack.home.TestExecution.TestRun@3bfdc050]" name="emaillink" duration-ms="9968" started-at="2017-10-11T19:48:52Z" description="Enter mail address page " finished-at="2017-10-11T19:49:02Z">
          <reporter-output>
          </reporter-output>
        </test-method> <!-- emaillink -->
        <test-method status="PASS" signature="afterMethod()[pri:0, instance:com.pack.home.TestExecution.TestRun@3bfdc050]" name="afterMethod" is-config="true" duration-ms="1605" started-at="2017-10-11T19:49:02Z" finished-at="2017-10-11T19:49:03Z">
          <reporter-output>
          </reporter-output>
        </test-method> <!-- afterMethod -->
      </class> <!-- com.pack.home.TestExecution.TestRun -->
    </test> <!-- Default test -->
  </suite> <!-- Default suite -->
</testng-results>
