<?xml version="1.0" encoding="UTF-8"?>
<!-- Generated by org.testng.reporters.JUnitXMLReporter -->
<testsuite hostname="DESKTOP-UTJTOH1" name="Default test" tests="2" failures="0" timestamp="12 Oct 2017 10:27:05 GMT" time="32.351" errors="0">
  <testcase name="@BeforeTest executing" time="0.0" classname="com.pack.home.TestExecution.TestRun">
    <failure type="java.lang.NullPointerException">
      <![CDATA[java.lang.NullPointerException
	at com.pack.home.Libraries.DriverLaunch.openBrowser(DriverLaunch.java:53)
	at com.pack.home.TestExecution.TestRun.executing(TestRun.java:20)
	at sun.reflect.NativeMethodAccessorImpl.invoke0(Native Method)
	at sun.reflect.NativeMethodAccessorImpl.invoke(NativeMethodAccessorImpl.java:62)
	at sun.reflect.DelegatingMethodAccessorImpl.invoke(DelegatingMethodAccessorImpl.java:43)
	at java.lang.reflect.Method.invoke(Method.java:498)
	at org.testng.internal.MethodInvocationHelper.invokeMethod(MethodInvocationHelper.java:80)
	at org.testng.internal.Invoker.invokeConfigurationMethod(Invoker.java:564)
	at org.testng.internal.Invoker.invokeConfigurations(Invoker.java:213)
	at org.testng.internal.Invoker.invokeConfigurations(Invoker.java:138)
	at org.testng.TestRunner.beforeRun(TestRunner.java:641)
	at org.testng.TestRunner.run(TestRunner.java:609)
	at org.testng.SuiteRunner.runTest(SuiteRunner.java:334)
	at org.testng.SuiteRunner.runSequentially(SuiteRunner.java:329)
	at org.testng.SuiteRunner.privateRun(SuiteRunner.java:291)
	at org.testng.SuiteRunner.run(SuiteRunner.java:240)
	at org.testng.SuiteRunnerWorker.runSuite(SuiteRunnerWorker.java:52)
	at org.testng.SuiteRunnerWorker.run(SuiteRunnerWorker.java:86)
	at org.testng.TestNG.runSuitesSequentially(TestNG.java:1198)
	at org.testng.TestNG.runSuitesLocally(TestNG.java:1123)
	at org.testng.TestNG.run(TestNG.java:1031)
	at org.testng.remote.AbstractRemoteTestNG.run(AbstractRemoteTestNG.java:114)
	at org.testng.remote.RemoteTestNG.initAndRun(RemoteTestNG.java:251)
	at org.testng.remote.RemoteTestNG.main(RemoteTestNG.java:77)
]]>
    </failure>
  </testcase> <!-- @BeforeTest executing -->
  <testcase name="@AfterTest afterMethod" time="0.0" classname="com.pack.home.TestExecution.TestRun">
    <skipped/>
  </testcase> <!-- @AfterTest afterMethod -->
  <testcase name="passwdlink" time="0.003" classname="com.pack.home.TestExecution.TestRun">
    <skipped/>
  </testcase> <!-- passwdlink -->
  <testcase name="emaillink" time="0.002" classname="com.pack.home.TestExecution.TestRun">
    <skipped/>
  </testcase> <!-- emaillink -->
</testsuite> <!-- Default test -->
