<?xml version="1.0" encoding="UTF-8"?>
<!-- Generated by org.testng.reporters.JUnitXMLReporter -->
<testsuite hostname="DESKTOP-UTJTOH1" name="Test" tests="2" failures="0" timestamp="12 Oct 2017 10:16:34 GMT" time="53.482" errors="0">
  <testcase name="@BeforeTest executing" time="0.0" classname="com.pack.home.TestExecution.TestRun">
    <failure type="java.lang.NullPointerException">
      <![CDATA[java.lang.NullPointerException
	at com.pack.home.Libraries.DriverLaunch.openBrowser(DriverLaunch.java:53)
	at com.pack.home.TestExecution.TestRun.executing(TestRun.java:20)
	at org.apache.maven.surefire.testng.TestNGExecutor.run(TestNGExecutor.java:283)
	at org.apache.maven.surefire.testng.TestNGXmlTestSuite.execute(TestNGXmlTestSuite.java:75)
	at org.apache.maven.surefire.testng.TestNGProvider.invoke(TestNGProvider.java:120)
	at org.apache.maven.surefire.booter.ForkedBooter.invokeProviderInSameClassLoader(ForkedBooter.java:386)
	at org.apache.maven.surefire.booter.ForkedBooter.runSuitesInProcess(ForkedBooter.java:323)
	at org.apache.maven.surefire.booter.ForkedBooter.main(ForkedBooter.java:143)
... Removed 19 stack frames]]>
    </failure>
  </testcase> <!-- @BeforeTest executing -->
  <testcase name="@AfterTest afterMethod" time="0.0" classname="com.pack.home.TestExecution.TestRun">
    <skipped/>
  </testcase> <!-- @AfterTest afterMethod -->
  <testcase name="passwdlink" time="0.002" classname="com.pack.home.TestExecution.TestRun">
    <skipped/>
  </testcase> <!-- passwdlink -->
  <testcase name="emaillink" time="0.0" classname="com.pack.home.TestExecution.TestRun">
    <skipped/>
  </testcase> <!-- emaillink -->
</testsuite> <!-- Test -->
