<?xml version="1.0" encoding="UTF-8"?>
<testsuite xmlns:xsi="http://www.w3.org/2001/XMLSchema-instance" xsi:noNamespaceSchemaLocation="https://maven.apache.org/surefire/maven-surefire-plugin/xsd/surefire-test-report.xsd" name="TestSuite" time="71.984" tests="4" errors="0" skipped="3" failures="1">
  <properties>
[...]
</properties>
  <testcase name="executing" classname="com.pack.home.TestExecution.TestRun" time="67.002">
    <failure type="java.lang.NullPointerException">java.lang.NullPointerException
	at com.pack.home.TestExecution.TestRun.executing(TestRun.java:20)
</failure>
    <system-out><![CDATA[Timed out waiting for driver server to start.
Build info: version: '3.5.3', revision: 'a88d25fe6b', time: '2017-08-29T12:42:44.417Z'
System info: host: 'DESKTOP-UTJTOH1', ip: '192.168.99.1', os.name: 'Windows 10', os.arch: 'amd64', os.version: '10.0', java.version: '1.8.0_131'
Driver info: driver.version: PhantomJSDriver
]]></system-out>
    <system-err><![CDATA[Oct 12, 2017 3:45:44 PM org.openqa.selenium.phantomjs.PhantomJSDriverService <init>
INFO: executable: F:\Stoic-Testing\src\main\java\com\pack\home\AllDrivers\phantomjs\phantomjs
Oct 12, 2017 3:45:46 PM org.openqa.selenium.phantomjs.PhantomJSDriverService <init>
INFO: port: 15813
Oct 12, 2017 3:45:46 PM org.openqa.selenium.phantomjs.PhantomJSDriverService <init>
INFO: arguments: [--webdriver=15813, --webdriver-logfile=F:\Stoic-Testing\phantomjsdriver.log]
Oct 12, 2017 3:45:46 PM org.openqa.selenium.phantomjs.PhantomJSDriverService <init>
INFO: environment: {}
Oct 12, 2017 3:46:31 PM org.openqa.selenium.os.UnixProcess checkForError
SEVERE: org.apache.commons.exec.ExecuteException: Execution failed (Exit value: -559038737. Caused by java.io.IOException: Cannot run program "F:\Stoic-Testing\src\main\java\com\pack\home\AllDrivers\phantomjs\phantomjs" (in directory "."): CreateProcess error=193, %1 is not a valid Win32 application)
]]></system-err>
  </testcase>
  <testcase name="passwdlink" classname="com.pack.home.TestExecution.TestRun" time="0">
    <skipped/>
  </testcase>
  <testcase name="emaillink" classname="com.pack.home.TestExecution.TestRun" time="0">
    <skipped/>
  </testcase>
  <testcase name="afterMethod" classname="com.pack.home.TestExecution.TestRun" time="0">
    <skipped/>
  </testcase>
</testsuite>